Построение начато 02.05.2017 20:36:43.
     1>Проект "C:\Users\Aleksandr\Downloads\3DPhoto-master\demo\demo.vcxproj" в узле 2 (целевые объекты rebuild).
     1>_PrepareForClean:
         Файл "Debug\demo.lastbuildstate" удаляется.
       InitializeBuildStatus:
         Создание "Debug\demo.unsuccessfulbuild", так как было задано "AlwaysCreate".
       ClCompile:
         C:\Program Files (x86)\Microsoft Visual Studio 10.0\VC\bin\CL.exe /c /I..\include /ZI /nologo /W3 /WX- /Od /Oy- /D WIN32 /D _DEBUG /D _CONSOLE /Gm /EHsc /RTC1 /MDd /GS /fp:precise /Zc:wchar_t /Zc:forScope /Yc"StdAfx.h" /Fp"Debug\demo.pch" /Fo"Debug\\" /Fd"Debug\vc100.pdb" /Gd /TP /analyze- /errorReport:prompt stdafx.cpp
         stdafx.cpp
         C:\Program Files (x86)\Microsoft Visual Studio 10.0\VC\bin\CL.exe /c /I..\include /ZI /nologo /W3 /WX- /Od /Oy- /D WIN32 /D _DEBUG /D _CONSOLE /Gm /EHsc /RTC1 /MDd /GS /fp:precise /Zc:wchar_t /Zc:forScope /Yu"StdAfx.h" /Fp"Debug\demo.pch" /Fo"Debug\\" /Fd"Debug\vc100.pdb" /Gd /TP /analyze- /errorReport:prompt demo.cpp
         demo.cpp
     1>C:\Program Files (x86)\MSBuild\Microsoft.Cpp\v4.0\Microsoft.CppBuild.targets(990,5): warning MSB8012: TargetPath(C:\Users\Aleksandr\Downloads\3DPhoto-master\vsproj\Debug\demo.exe) не соответствует значению свойства выходного файла (C:\Users\Aleksandr\Downloads\3DPhoto-master\bin\demo.exe) для Linker. Это может привести к неправильному построению проекта. Чтобы исправить это, убедитесь, что значения свойств $(OutDir), $(TargetName) и $(TargetExt) соответствуют значению, указанному в %(Link.OutputFile).
       Link:
         C:\Program Files (x86)\Microsoft Visual Studio 10.0\VC\bin\link.exe /ERRORREPORT:PROMPT /OUT:"..\bin\demo.exe" /INCREMENTAL:NO /NOLOGO /LIBPATH:..\lib cv210.lib cxcore210.lib highgui210.lib kernel32.lib user32.lib gdi32.lib winspool.lib comdlg32.lib advapi32.lib shell32.lib ole32.lib oleaut32.lib uuid.lib odbc32.lib odbccp32.lib /MANIFEST /ManifestFile:"Debug\demo.exe.intermediate.manifest" /MANIFESTUAC:"level='asInvoker' uiAccess='false'" /DEBUG /PDB:"C:\Users\Aleksandr\Downloads\3DPhoto-master\vsproj\Debug\demo.pdb" /SUBSYSTEM:CONSOLE /TLBID:1 /DYNAMICBASE /NXCOMPAT /IMPLIB:"C:\Users\Aleksandr\Downloads\3DPhoto-master\vsproj\Debug\demo.lib" /MACHINE:X86 Debug\demo.obj
         Debug\stdafx.obj
         "C:\Users\Aleksandr\Downloads\3DPhoto-master\3rdparty\CSparse\lib\vce_sparce.lib"
         "C:\Users\Aleksandr\Downloads\3DPhoto-master\vsproj\Debug\3DAnaglyph.lib.lib"
     1>demo.obj : warning LNK4075: не учитывается "/EDITANDCONTINUE" из-за спецификации "/INCREMENTAL:NO"
         demo.vcxproj -> C:\Users\Aleksandr\Downloads\3DPhoto-master\vsproj\Debug\demo.exe
       Manifest:
         C:\Program Files (x86)\Microsoft SDKs\Windows\v7.0A\bin\mt.exe /nologo /verbose /outputresource:"..\bin\demo.exe;#1" /manifest Debug\demo.exe.intermediate.manifest
       FinalizeBuildStatus:
         Файл "Debug\demo.unsuccessfulbuild" удаляется.
         Обращение к "Debug\demo.lastbuildstate".
     1>Построение проекта "C:\Users\Aleksandr\Downloads\3DPhoto-master\demo\demo.vcxproj" завершено (целевые объекты rebuild).

Построение успешно завершено.

Затраченное время: 00:00:01.75
