Построение начато 02.05.2017 20:36:43.
     1>Проект "C:\Users\Aleksandr\Downloads\3DPhoto-master\JPSFile\JPSFile.vcxproj" в узле 3 (целевые объекты rebuild).
     1>_PrepareForClean:
         Файл "Debug\JPSFile.lastbuildstate" удаляется.
       InitializeBuildStatus:
         Создание "Debug\JPSFile.unsuccessfulbuild", так как было задано "AlwaysCreate".
       ClCompile:
         C:\Program Files (x86)\Microsoft Visual Studio 10.0\VC\bin\CL.exe /c /I..\include\_include\ /I..\include\ /ZI /nologo /W3 /WX- /Od /Oy- /D WIN32 /D _DEBUG /D _WINDOWS /D _USRDLL /D JPSFILE_EXPORTS /D _WINDLL /Gm /EHsc /RTC1 /MDd /GS /fp:precise /Zc:wchar_t /Zc:forScope /Yc"StdAfx.h" /Fp"Debug\JPSFile.pch" /Fo"Debug\\" /Fd"Debug\vc100.pdb" /Gd /TP /analyze- /errorReport:prompt stdafx.cpp
         stdafx.cpp
         C:\Program Files (x86)\Microsoft Visual Studio 10.0\VC\bin\CL.exe /c /I..\include\_include\ /I..\include\ /ZI /nologo /W3 /WX- /Od /Oy- /D WIN32 /D _DEBUG /D _WINDOWS /D _USRDLL /D JPSFILE_EXPORTS /D _WINDLL /Gm /EHsc /RTC1 /MDd /GS /fp:precise /Zc:wchar_t /Zc:forScope /Fo"Debug\\" /Fd"Debug\vc100.pdb" /Gd /TP /analyze- /errorReport:prompt dllmain.cpp
         dllmain.cpp
         C:\Program Files (x86)\Microsoft Visual Studio 10.0\VC\bin\CL.exe /c /I..\include\_include\ /I..\include\ /ZI /nologo /W3 /WX- /Od /Oy- /D WIN32 /D _DEBUG /D _WINDOWS /D _USRDLL /D JPSFILE_EXPORTS /D _WINDLL /Gm /EHsc /RTC1 /MDd /GS /fp:precise /Zc:wchar_t /Zc:forScope /Yu"StdAfx.h" /Fp"Debug\JPSFile.pch" /Fo"Debug\\" /Fd"Debug\vc100.pdb" /Gd /TP /analyze- /errorReport:prompt JPSFile.cpp
         JPSFile.cpp
     1>c:\users\aleksandr\downloads\3dphoto-master\jpsfile\jpsfile.cpp(121): warning C4800: int: принудительно задано логическое значение "true" или "false" (предупреждение о производительности)
       Link:
         C:\Program Files (x86)\Microsoft Visual Studio 10.0\VC\bin\link.exe /ERRORREPORT:PROMPT /OUT:"C:\Users\Aleksandr\Downloads\3DPhoto-master\vsproj\Debug\JPSFile.dll" /INCREMENTAL:NO /NOLOGO kernel32.lib user32.lib gdi32.lib winspool.lib comdlg32.lib advapi32.lib shell32.lib ole32.lib oleaut32.lib uuid.lib odbc32.lib odbccp32.lib /DEF:"JPSFile.def" /MANIFEST /ManifestFile:"Debug\JPSFile.dll.intermediate.manifest" /MANIFESTUAC:"level='asInvoker' uiAccess='false'" /DEBUG /PDB:"C:\Users\Aleksandr\Downloads\3DPhoto-master\vsproj\Debug\JPSFile.pdb" /SUBSYSTEM:WINDOWS /TLBID:1 /DYNAMICBASE /NXCOMPAT /IMPLIB:"C:\Users\Aleksandr\Downloads\3DPhoto-master\vsproj\Debug\JPSFile.lib" /MACHINE:X86 /DLL Debug\dllmain.obj
         Debug\JPSFile.obj
         Debug\stdafx.obj
         "C:\Users\Aleksandr\Downloads\3DPhoto-master\3rdparty\CSparse\lib\vce_sparce.lib"
         "C:\Users\Aleksandr\Downloads\3DPhoto-master\vsproj\Debug\3DAnaglyph.lib.lib"
     1>dllmain.obj : warning LNK4075: не учитывается "/EDITANDCONTINUE" из-за спецификации "/INCREMENTAL:NO"
     1>JPSFile.def(3): warning LNK4017: оператор EXPORT не поддерживается на конечной платформе; пропущен
     1>JPSFile.def(5): warning LNK4017: оператор createJPSFile не поддерживается на конечной платформе; пропущен
            Создается библиотека C:\Users\Aleksandr\Downloads\3DPhoto-master\vsproj\Debug\JPSFile.lib и объект C:\Users\Aleksandr\Downloads\3DPhoto-master\vsproj\Debug\JPSFile.exp
         JPSFile.vcxproj -> C:\Users\Aleksandr\Downloads\3DPhoto-master\vsproj\Debug\JPSFile.dll
       Manifest:
         C:\Program Files (x86)\Microsoft SDKs\Windows\v7.0A\bin\mt.exe /nologo /verbose /outputresource:"C:\Users\Aleksandr\Downloads\3DPhoto-master\vsproj\Debug\JPSFile.dll;#2" /manifest Debug\JPSFile.dll.intermediate.manifest
       FinalizeBuildStatus:
         Файл "Debug\JPSFile.unsuccessfulbuild" удаляется.
         Обращение к "Debug\JPSFile.lastbuildstate".
     1>Построение проекта "C:\Users\Aleksandr\Downloads\3DPhoto-master\JPSFile\JPSFile.vcxproj" завершено (целевые объекты rebuild).

Построение успешно завершено.

Затраченное время: 00:00:03.93
