C:\Users\Aleksandr\Downloads\3DPhoto-master\JPSFile\Debug\cl.command.1.tlog
C:\Users\Aleksandr\Downloads\3DPhoto-master\JPSFile\Debug\CL.read.1.tlog
C:\Users\Aleksandr\Downloads\3DPhoto-master\JPSFile\Debug\CL.write.1.tlog
C:\USERS\ALEKSANDR\DOWNLOADS\3DPHOTO-MASTER\JPSFILE\DEBUG\DLLMAIN.OBJ
C:\USERS\ALEKSANDR\DOWNLOADS\3DPHOTO-MASTER\JPSFILE\DEBUG\JPSFILE.DLL.INTERMEDIATE.MANIFEST
C:\USERS\ALEKSANDR\DOWNLOADS\3DPHOTO-MASTER\JPSFILE\DEBUG\JPSFILE.OBJ
C:\USERS\ALEKSANDR\DOWNLOADS\3DPHOTO-MASTER\JPSFILE\DEBUG\JPSFILE.PCH
C:\Users\Aleksandr\Downloads\3DPhoto-master\JPSFile\Debug\JPSFile.write.1.tlog
C:\Users\Aleksandr\Downloads\3DPhoto-master\JPSFile\Debug\link.command.1.tlog
C:\Users\Aleksandr\Downloads\3DPhoto-master\JPSFile\Debug\link.read.1.tlog
C:\Users\Aleksandr\Downloads\3DPhoto-master\JPSFile\Debug\link.write.1.tlog
C:\Users\Aleksandr\Downloads\3DPhoto-master\JPSFile\Debug\mt.command.1.tlog
C:\Users\Aleksandr\Downloads\3DPhoto-master\JPSFile\Debug\mt.read.1.tlog
C:\Users\Aleksandr\Downloads\3DPhoto-master\JPSFile\Debug\mt.write.1.tlog
C:\USERS\ALEKSANDR\DOWNLOADS\3DPHOTO-MASTER\JPSFILE\DEBUG\STDAFX.OBJ
C:\Users\Aleksandr\Downloads\3DPhoto-master\JPSFile\Debug\vc100.idb
C:\USERS\ALEKSANDR\DOWNLOADS\3DPHOTO-MASTER\JPSFILE\DEBUG\VC100.PDB
C:\USERS\ALEKSANDR\DOWNLOADS\3DPHOTO-MASTER\VSPROJ\DEBUG\JPSFILE.DLL
C:\Users\Aleksandr\Downloads\3DPhoto-master\vsproj\Debug\JPSFile.exp
C:\Users\Aleksandr\Downloads\3DPhoto-master\vsproj\Debug\JPSFile.lib
C:\USERS\ALEKSANDR\DOWNLOADS\3DPHOTO-MASTER\VSPROJ\DEBUG\JPSFILE.PDB
