C:\USERS\ALEKSANDR\DOWNLOADS\3DPHOTO-MASTER\VSPROJ\DEBUG\3DANAGLYPH.LIB.LIB
C:\USERS\ALEKSANDR\DOWNLOADS\3DPHOTO-MASTER\VSPROJ\DEBUG\3DANAGLYPH.LIB.PCH
C:\Users\Aleksandr\Downloads\3DPhoto-master\vsproj\Debug\3DAnaglyph.lib.write.1.tlog
C:\USERS\ALEKSANDR\DOWNLOADS\3DPHOTO-MASTER\VSPROJ\DEBUG\3DANAGLYPH.OBJ
C:\USERS\ALEKSANDR\DOWNLOADS\3DPHOTO-MASTER\VSPROJ\DEBUG\3DDISPLACE.OBJ
C:\USERS\ALEKSANDR\DOWNLOADS\3DPHOTO-MASTER\VSPROJ\DEBUG\3DFILENAMEUTILS.OBJ
C:\USERS\ALEKSANDR\DOWNLOADS\3DPHOTO-MASTER\VSPROJ\DEBUG\3DFILTER.OBJ
C:\USERS\ALEKSANDR\DOWNLOADS\3DPHOTO-MASTER\VSPROJ\DEBUG\3DFULLDEPTH.OBJ
C:\USERS\ALEKSANDR\DOWNLOADS\3DPHOTO-MASTER\VSPROJ\DEBUG\3DINTERPOLATE1.OBJ
C:\USERS\ALEKSANDR\DOWNLOADS\3DPHOTO-MASTER\VSPROJ\DEBUG\3DMAKEANAGLYPH.OBJ
C:\USERS\ALEKSANDR\DOWNLOADS\3DPHOTO-MASTER\VSPROJ\DEBUG\3DMAKETILE.OBJ
C:\USERS\ALEKSANDR\DOWNLOADS\3DPHOTO-MASTER\VSPROJ\DEBUG\3DMASKGRADIENT.OBJ
C:\USERS\ALEKSANDR\DOWNLOADS\3DPHOTO-MASTER\VSPROJ\DEBUG\3DSIGMA.OBJ
C:\USERS\ALEKSANDR\DOWNLOADS\3DPHOTO-MASTER\VSPROJ\DEBUG\3DSPARCEDEPTH.OBJ
C:\USERS\ALEKSANDR\DOWNLOADS\3DPHOTO-MASTER\VSPROJ\DEBUG\AVI_UTILS.OBJ
C:\Users\Aleksandr\Downloads\3DPhoto-master\vsproj\Debug\cl.command.1.tlog
C:\Users\Aleksandr\Downloads\3DPhoto-master\vsproj\Debug\CL.read.1.tlog
C:\Users\Aleksandr\Downloads\3DPhoto-master\vsproj\Debug\CL.write.1.tlog
C:\Users\Aleksandr\Downloads\3DPhoto-master\vsproj\Debug\demo.pdb
C:\Users\Aleksandr\Downloads\3DPhoto-master\vsproj\Debug\JPSFile.exp
C:\Users\Aleksandr\Downloads\3DPhoto-master\vsproj\Debug\JPSFile.pdb
C:\Users\Aleksandr\Downloads\3DPhoto-master\vsproj\Debug\JPSFileTest.pdb
C:\Users\Aleksandr\Downloads\3DPhoto-master\vsproj\Debug\lib.command.1.tlog
C:\Users\Aleksandr\Downloads\3DPhoto-master\vsproj\Debug\Lib-link.read.1.tlog
C:\Users\Aleksandr\Downloads\3DPhoto-master\vsproj\Debug\Lib-link.write.1.tlog
C:\Users\Aleksandr\Downloads\3DPhoto-master\vsproj\Debug\test01.pdb
C:\Users\Aleksandr\Downloads\3DPhoto-master\vsproj\Debug\test02.pdb
C:\Users\Aleksandr\Downloads\3DPhoto-master\vsproj\Debug\test03.pdb
C:\Users\Aleksandr\Downloads\3DPhoto-master\vsproj\Debug\test04.pdb
C:\Users\Aleksandr\Downloads\3DPhoto-master\vsproj\Debug\vc100.idb
C:\USERS\ALEKSANDR\DOWNLOADS\3DPHOTO-MASTER\VSPROJ\DEBUG\VC100.PDB
